<?xml version="1.0" encoding="UTF-8"?>
<!-- Generated by org.testng.reporters.JUnitXMLReporter -->
<testsuite ignored="0" hostname="RockstarAsif-MiNoteBookUltra" failures="0" tests="1" name="MyNavigationTest" time="0.057" errors="0" timestamp="2022-06-18T13:20:58 IST">
  <testcase classname="Myframework_Scratch.MyNavigationTest" name="@BeforeTest initialisingDriver" time="0.012">
    <failure type="java.lang.NullPointerException" message="Cannot invoke &amp;quot;String.equalsIgnoreCase(String)&amp;quot; because &amp;quot;givenBrowser&amp;quot; is null">
      <![CDATA[java.lang.NullPointerException: Cannot invoke "String.equalsIgnoreCase(String)" because "givenBrowser" is null
at Myframework_Scratch.Base.driverInitializer(Base.java:65)
at Myframework_Scratch.MyNavigationTest.initialisingDriver(MyNavigationTest.java:21)
at java.base/java.util.concurrent.FutureTask.run(FutureTask.java:264)
at java.base/java.util.concurrent.ThreadPoolExecutor.runWorker(ThreadPoolExecutor.java:1136)
at java.base/java.util.concurrent.ThreadPoolExecutor$Worker.run(ThreadPoolExecutor.java:635)
at java.base/java.lang.Thread.run(Thread.java:833)
... Removed 14 stack frames]]>
    </failure>
  </testcase> <!-- @BeforeTest initialisingDriver -->
  <testcase classname="Myframework_Scratch.LogInPageTitleValidationTest" name="@BeforeTest initialise" time="0.012">
    <failure type="java.lang.NullPointerException" message="Cannot invoke &amp;quot;String.equalsIgnoreCase(String)&amp;quot; because &amp;quot;givenBrowser&amp;quot; is null">
      <![CDATA[java.lang.NullPointerException: Cannot invoke "String.equalsIgnoreCase(String)" because "givenBrowser" is null
at Myframework_Scratch.Base.driverInitializer(Base.java:65)
at Myframework_Scratch.LogInPageTitleValidationTest.initialise(LogInPageTitleValidationTest.java:18)
at java.base/java.util.concurrent.FutureTask.run(FutureTask.java:264)
at java.base/java.util.concurrent.ThreadPoolExecutor.runWorker(ThreadPoolExecutor.java:1136)
at java.base/java.util.concurrent.ThreadPoolExecutor$Worker.run(ThreadPoolExecutor.java:635)
at java.base/java.lang.Thread.run(Thread.java:833)
... Removed 14 stack frames]]>
    </failure>
  </testcase> <!-- @BeforeTest initialise -->
  <testcase classname="Myframework_Scratch.MyNavigationTest" name="@AfterTest browserClosure" time="0.0">
    <skipped/>
  </testcase> <!-- @AfterTest browserClosure -->
  <testcase classname="Myframework_Scratch.LogInPageTitleValidationTest" name="@AfterTest closingBrowser" time="0.0">
    <skipped/>
  </testcase> <!-- @AfterTest closingBrowser -->
  <testcase classname="Myframework_Scratch.MyNavigationTest" name="testLogInPage" time="0.0">
    <skipped/>
  </testcase> <!-- testLogInPage -->
</testsuite> <!-- MyNavigationTest -->
