<?xml version="1.0" encoding="UTF-8"?>
<!-- Generated by org.testng.reporters.JUnitXMLReporter -->
<testsuite ignored="0" hostname="RockstarAsif-MiNoteBookUltra" failures="0" tests="2" name="Test" time="6.832" errors="0" timestamp="2022-06-16T20:05:41 IST">
  <testcase classname="Myframework_Scratch.MyNavigationTest" name="testLogInPage" time="0.77"/>
  <testcase classname="Myframework_Scratch.LogInPageTitleValidationTest" name="validationOfTheWebPageTitle" time="0.076"/>
</testsuite> <!-- Test -->
