<?xml version="1.0" encoding="UTF-8"?>
<testng-results ignored="0" total="2" passed="2" failed="0" skipped="0">
  <reporter-output>
  </reporter-output>
  <suite started-at="2022-06-18T13:59:19 IST" name="Suite" finished-at="2022-06-18T13:59:24 IST" duration-ms="4931">
    <groups>
    </groups>
    <test started-at="2022-06-18T13:59:19 IST" name="LogInPageTitleValidationTest" finished-at="2022-06-18T13:59:23 IST" duration-ms="4565">
      <class name="Myframework_Scratch.LogInPageTitleValidationTest">
        <test-method is-config="true" signature="initialise()[pri:0, instance:Myframework_Scratch.LogInPageTitleValidationTest@54336c81]" started-at="2022-06-18T13:59:19 IST" name="initialise" finished-at="2022-06-18T13:59:23 IST" duration-ms="4404" status="PASS">
          <reporter-output>
          </reporter-output>
        </test-method> <!-- initialise -->
        <test-method signature="validationOfTheWebPageTitle()[pri:0, instance:Myframework_Scratch.LogInPageTitleValidationTest@54336c81]" started-at="2022-06-18T13:59:23 IST" name="validationOfTheWebPageTitle" finished-at="2022-06-18T13:59:23 IST" duration-ms="27" status="PASS">
          <reporter-output>
          </reporter-output>
        </test-method> <!-- validationOfTheWebPageTitle -->
        <test-method is-config="true" signature="closingBrowser()[pri:0, instance:Myframework_Scratch.LogInPageTitleValidationTest@54336c81]" started-at="2022-06-18T13:59:23 IST" name="closingBrowser" finished-at="2022-06-18T13:59:23 IST" duration-ms="82" status="PASS">
          <reporter-output>
          </reporter-output>
        </test-method> <!-- closingBrowser -->
      </class> <!-- Myframework_Scratch.LogInPageTitleValidationTest -->
    </test> <!-- LogInPageTitleValidationTest -->
    <test started-at="2022-06-18T13:59:19 IST" name="MyNavigationTest" finished-at="2022-06-18T13:59:24 IST" duration-ms="4931">
      <class name="Myframework_Scratch.MyNavigationTest">
        <test-method is-config="true" signature="initialisingDriver()[pri:0, instance:Myframework_Scratch.MyNavigationTest@19868320]" started-at="2022-06-18T13:59:19 IST" name="initialisingDriver" finished-at="2022-06-18T13:59:23 IST" duration-ms="4404" status="PASS">
          <reporter-output>
          </reporter-output>
        </test-method> <!-- initialisingDriver -->
        <test-method signature="testLogInPage(java.lang.String,java.lang.String)[pri:0, instance:Myframework_Scratch.MyNavigationTest@19868320]" started-at="2022-06-18T13:59:23 IST" name="testLogInPage" data-provider="getUserDataForLogin" finished-at="2022-06-18T13:59:24 IST" duration-ms="348" status="PASS">
          <params>
            <param index="0">
              <value>
                <![CDATA[rahulshettyacademy]]>
              </value>
            </param>
            <param index="1">
              <value>
                <![CDATA[learning]]>
              </value>
            </param>
          </params>
          <reporter-output>
          </reporter-output>
        </test-method> <!-- testLogInPage -->
        <test-method is-config="true" signature="browserClosure()[pri:0, instance:Myframework_Scratch.MyNavigationTest@19868320]" started-at="2022-06-18T13:59:24 IST" name="browserClosure" finished-at="2022-06-18T13:59:24 IST" duration-ms="130" status="PASS">
          <reporter-output>
          </reporter-output>
        </test-method> <!-- browserClosure -->
      </class> <!-- Myframework_Scratch.MyNavigationTest -->
    </test> <!-- MyNavigationTest -->
  </suite> <!-- Suite -->
</testng-results>
